<?xml version="1.0" encoding="UTF-8"?>
<!-- Generated by org.testng.reporters.JUnitReportReporter -->
<testsuite hostname="LIN59018982" failures="0" tests="1" name="loginhrm.password" time="10.341" errors="0" timestamp="2024-12-12T18:39:44 IST" skipped="0">
  <testcase classname="loginhrm.password" name="password" time="10.341"/>
</testsuite> <!-- loginhrm.password -->
