<?xml version="1.0" encoding="UTF-8"?>
<!-- Generated by org.testng.reporters.JUnitReportReporter -->
<testsuite hostname="LIN59018982" failures="0" tests="1" name="loginhrm.password" time="21.582" errors="0" timestamp="2024-12-12T20:05:21 IST" skipped="0">
  <testcase classname="loginhrm.password" name="password" time="21.582"/>
</testsuite> <!-- loginhrm.password -->
